-------------------------------------------------------------------------------
Test set: TestSuite
-------------------------------------------------------------------------------
Tests run: 2, Failures: 1, Errors: 0, Skipped: 0, Time elapsed: 8.998 s <<< FAILURE! - in TestSuite
createIncident(tests.selenium.TC003_CreateIncidentUsingRestAndVerifyUsingSelenium)  Time elapsed: 1.989 s  <<< FAILURE!
java.lang.RuntimeException
	at tests.selenium.TC003_CreateIncidentUsingRestAndVerifyUsingSelenium.createIncident(TC003_CreateIncidentUsingRestAndVerifyUsingSelenium.java:35)

